[0.012s] Invoking command in '/home/user/ros2_ws/build/coordinate_transformer': CMAKE_PREFIX_PATH=${CMAKE_PREFIX_PATH}:/home/user/ws_moveit/install/moveit_configs_utils:/opt/ros/jazzy DEBUGINFOD_URLS=https://debuginfod.ubuntu.com /usr/bin/cmake /home/user/ros2_ws/src/coordinate_transformer -DCMAKE_INSTALL_PREFIX=/home/user/ros2_ws/install/coordinate_transformer
[0.066s] -- The C compiler identification is GNU 13.3.0
[0.111s] -- The CXX compiler identification is GNU 13.3.0
[0.126s] -- Detecting C compiler ABI info
[0.207s] -- Detecting C compiler ABI info - done
[0.214s] -- Check for working C compiler: /usr/bin/cc - skipped
[0.214s] -- Detecting C compile features
[0.214s] -- Detecting C compile features - done
[0.223s] -- Detecting CXX compiler ABI info
[0.323s] -- Detecting CXX compiler ABI info - done
[0.330s] -- Check for working CXX compiler: /usr/bin/c++ - skipped
[0.330s] -- Detecting CXX compile features
[0.331s] -- Detecting CXX compile features - done
[0.337s] -- Found ament_cmake: 2.5.3 (/opt/ros/jazzy/share/ament_cmake/cmake)
[0.500s] -- Found Python3: /usr/bin/python3 (found version "3.12.3") found components: Interpreter 
[0.633s] -- Found rclcpp: 28.1.8 (/opt/ros/jazzy/share/rclcpp/cmake)
[0.697s] -- Found rosidl_generator_c: 4.6.5 (/opt/ros/jazzy/share/rosidl_generator_c/cmake)
[0.718s] -- Found rosidl_generator_cpp: 4.6.5 (/opt/ros/jazzy/share/rosidl_generator_cpp/cmake)
[0.744s] -- Using all available rosidl_typesupport_c: rosidl_typesupport_fastrtps_c;rosidl_typesupport_introspection_c
[0.770s] -- Using all available rosidl_typesupport_cpp: rosidl_typesupport_fastrtps_cpp;rosidl_typesupport_introspection_cpp
[0.864s] -- Found rmw_implementation_cmake: 7.3.2 (/opt/ros/jazzy/share/rmw_implementation_cmake/cmake)
[0.872s] -- Found rmw_fastrtps_cpp: 8.4.2 (/opt/ros/jazzy/share/rmw_fastrtps_cpp/cmake)
[0.972s] -- Found OpenSSL: /usr/lib/x86_64-linux-gnu/libcrypto.so (found version "3.0.13")  
[0.991s] -- Found FastRTPS: /opt/ros/jazzy/include (Required is at least version "2.13") 
[1.014s] -- Using RMW implementation 'rmw_fastrtps_cpp' as default
[1.097s] -- Found tf2: 0.36.9 (/opt/ros/jazzy/share/tf2/cmake)
[1.139s] -- Found tf2_ros: 0.36.9 (/opt/ros/jazzy/share/tf2_ros/cmake)
[1.276s] -- Found tf2_geometry_msgs: 0.36.9 (/opt/ros/jazzy/share/tf2_geometry_msgs/cmake)
[1.303s] -- Found eigen3_cmake_module: 0.3.0 (/opt/ros/jazzy/share/eigen3_cmake_module/cmake)
[1.304s] -- Found Eigen3: TRUE (found version "3.4.0") 
[1.304s] -- Ensuring Eigen3 include directory is part of orocos-kdl CMake target
[1.324s] -- Found ament_lint_auto: 0.17.2 (/opt/ros/jazzy/share/ament_lint_auto/cmake)
[1.397s] -- Found ament_cmake_gtest: 2.5.3 (/opt/ros/jazzy/share/ament_cmake_gtest/cmake)
[1.402s] -- Found gtest sources under '/opt/ros/jazzy/src/gtest_vendor': C++ tests using 'Google Test' will be built
[1.405s] -- Performing Test CMAKE_HAVE_LIBC_PTHREAD
[1.483s] -- Performing Test CMAKE_HAVE_LIBC_PTHREAD - Success
[1.484s] -- Found Threads: TRUE  
[1.495s] -- Configuring done (1.5s)
[1.510s] -- Generating done (0.0s)
[1.514s] -- Build files have been written to: /home/user/ros2_ws/build/coordinate_transformer
[1.523s] Invoked command in '/home/user/ros2_ws/build/coordinate_transformer' returned '0': CMAKE_PREFIX_PATH=${CMAKE_PREFIX_PATH}:/home/user/ws_moveit/install/moveit_configs_utils:/opt/ros/jazzy DEBUGINFOD_URLS=https://debuginfod.ubuntu.com /usr/bin/cmake /home/user/ros2_ws/src/coordinate_transformer -DCMAKE_INSTALL_PREFIX=/home/user/ros2_ws/install/coordinate_transformer
[1.524s] Invoking command in '/home/user/ros2_ws/build/coordinate_transformer': CMAKE_PREFIX_PATH=${CMAKE_PREFIX_PATH}:/home/user/ws_moveit/install/moveit_configs_utils:/opt/ros/jazzy DEBUGINFOD_URLS=https://debuginfod.ubuntu.com /usr/bin/cmake --build /home/user/ros2_ws/build/coordinate_transformer -- -j8 -l8
[1.578s] [ 50%] Built target gtest_main
[1.578s] [ 50%] Built target gtest
[1.582s] [ 75%] Built target coordinate_transformer_lib
[1.611s] [ 87%] [32mBuilding CXX object CMakeFiles/test_coordinate_transformer.dir/test/test_coordinate_transformer.cpp.o[0m
[4.615s] [100%] [32m[1mLinking CXX executable test_coordinate_transformer[0m
[4.837s] [100%] Built target test_coordinate_transformer
[4.848s] Invoked command in '/home/user/ros2_ws/build/coordinate_transformer' returned '0': CMAKE_PREFIX_PATH=${CMAKE_PREFIX_PATH}:/home/user/ws_moveit/install/moveit_configs_utils:/opt/ros/jazzy DEBUGINFOD_URLS=https://debuginfod.ubuntu.com /usr/bin/cmake --build /home/user/ros2_ws/build/coordinate_transformer -- -j8 -l8
[4.858s] Invoking command in '/home/user/ros2_ws/build/coordinate_transformer': CMAKE_PREFIX_PATH=${CMAKE_PREFIX_PATH}:/home/user/ws_moveit/install/moveit_configs_utils:/opt/ros/jazzy DEBUGINFOD_URLS=https://debuginfod.ubuntu.com /usr/bin/cmake --install /home/user/ros2_ws/build/coordinate_transformer
[4.867s] -- Install configuration: ""
[4.867s] -- Up-to-date: /home/user/ros2_ws/install/coordinate_transformer/include
[4.867s] -- Up-to-date: /home/user/ros2_ws/install/coordinate_transformer/include/coordinate_transformer
[4.867s] -- Up-to-date: /home/user/ros2_ws/install/coordinate_transformer/share/coordinate_transformer/config
[4.867s] -- Installing: /home/user/ros2_ws/install/coordinate_transformer/share/coordinate_transformer/package.dsv
[4.869s] Invoked command in '/home/user/ros2_ws/build/coordinate_transformer' returned '0': CMAKE_PREFIX_PATH=${CMAKE_PREFIX_PATH}:/home/user/ws_moveit/install/moveit_configs_utils:/opt/ros/jazzy DEBUGINFOD_URLS=https://debuginfod.ubuntu.com /usr/bin/cmake --install /home/user/ros2_ws/build/coordinate_transformer
