-- Found ament_cmake: 2.5.3 (/opt/ros/jazzy/share/ament_cmake/cmake)
-- Override CMake install command with custom implementation using symlinks instead of copying resources
-- Found rclcpp: 28.1.8 (/opt/ros/jazzy/share/rclcpp/cmake)
-- Found rosidl_generator_c: 4.6.5 (/opt/ros/jazzy/share/rosidl_generator_c/cmake)
-- Found rosidl_generator_cpp: 4.6.5 (/opt/ros/jazzy/share/rosidl_generator_cpp/cmake)
-- Using all available rosidl_typesupport_c: rosidl_typesupport_fastrtps_c;rosidl_typesupport_introspection_c
-- Using all available rosidl_typesupport_cpp: rosidl_typesupport_fastrtps_cpp;rosidl_typesupport_introspection_cpp
-- Found rmw_implementation_cmake: 7.3.2 (/opt/ros/jazzy/share/rmw_implementation_cmake/cmake)
-- Found rmw_fastrtps_cpp: 8.4.2 (/opt/ros/jazzy/share/rmw_fastrtps_cpp/cmake)
-- Using RMW implementation 'rmw_fastrtps_cpp' as default
-- Found tf2: 0.36.9 (/opt/ros/jazzy/share/tf2/cmake)
-- Found tf2_ros: 0.36.9 (/opt/ros/jazzy/share/tf2_ros/cmake)
-- Found tf2_geometry_msgs: 0.36.9 (/opt/ros/jazzy/share/tf2_geometry_msgs/cmake)
-- Found eigen3_cmake_module: 0.3.0 (/opt/ros/jazzy/share/eigen3_cmake_module/cmake)
-- Ensuring Eigen3 include directory is part of orocos-kdl CMake target
-- Found ament_lint_auto: 0.17.2 (/opt/ros/jazzy/share/ament_lint_auto/cmake)
-- Found ament_cmake_gtest: 2.5.3 (/opt/ros/jazzy/share/ament_cmake_gtest/cmake)
-- Found gtest sources under '/opt/ros/jazzy/src/gtest_vendor': C++ tests using 'Google Test' will be built
-- Configuring done (0.9s)
-- Generating done (0.0s)
-- Build files have been written to: /home/user/ros2_ws/build/coordinate_transformer
[ 50%] Built target gtest
[ 50%] Built target gtest_main
[ 75%] Built target coordinate_transformer_lib
[100%] Built target test_coordinate_transformer
-- Install configuration: ""
-- Execute custom install script
-- Symlinking: /home/user/ros2_ws/install/coordinate_transformer/lib/libcoordinate_transformer_lib.a
-- Symlinking: /home/user/ros2_ws/install/coordinate_transformer/include/coordinate_transformer/coordinate_transformer.hpp
-- Symlinking: /home/user/ros2_ws/install/coordinate_transformer/include/coordinate_transformer/gcode_parser.hpp
-- Symlinking: /home/user/ros2_ws/install/coordinate_transformer/share/coordinate_transformer/config/transforms.yaml
-- Symlinking: /home/user/ros2_ws/install/coordinate_transformer/share/ament_index/resource_index/package_run_dependencies/coordinate_transformer
-- Symlinking: /home/user/ros2_ws/install/coordinate_transformer/share/ament_index/resource_index/parent_prefix_path/coordinate_transformer
-- Symlinking: /home/user/ros2_ws/install/coordinate_transformer/share/coordinate_transformer/environment/ament_prefix_path.sh
-- Symlinking: /home/user/ros2_ws/install/coordinate_transformer/share/coordinate_transformer/environment/ament_prefix_path.dsv
-- Symlinking: /home/user/ros2_ws/install/coordinate_transformer/share/coordinate_transformer/environment/path.sh
-- Symlinking: /home/user/ros2_ws/install/coordinate_transformer/share/coordinate_transformer/environment/path.dsv
-- Symlinking: /home/user/ros2_ws/install/coordinate_transformer/share/coordinate_transformer/local_setup.bash
-- Symlinking: /home/user/ros2_ws/install/coordinate_transformer/share/coordinate_transformer/local_setup.sh
-- Symlinking: /home/user/ros2_ws/install/coordinate_transformer/share/coordinate_transformer/local_setup.zsh
-- Symlinking: /home/user/ros2_ws/install/coordinate_transformer/share/coordinate_transformer/local_setup.dsv
-- Symlinking: /home/user/ros2_ws/install/coordinate_transformer/share/coordinate_transformer/package.dsv
-- Symlinking: /home/user/ros2_ws/install/coordinate_transformer/share/ament_index/resource_index/packages/coordinate_transformer
-- Symlinking: /home/user/ros2_ws/install/coordinate_transformer/share/coordinate_transformer/cmake/coordinate_transformerConfig.cmake
-- Symlinking: /home/user/ros2_ws/install/coordinate_transformer/share/coordinate_transformer/cmake/coordinate_transformerConfig-version.cmake
-- Symlinking: /home/user/ros2_ws/install/coordinate_transformer/share/coordinate_transformer/package.xml
