[0.017s] Invoking command in '/home/user/ros2_ws/build/coordinate_transformer': CMAKE_PREFIX_PATH=${CMAKE_PREFIX_PATH}:/home/user/ws_moveit/install/moveit_configs_utils:/opt/ros/jazzy DEBUGINFOD_URLS=https://debuginfod.ubuntu.com /usr/bin/cmake --build /home/user/ros2_ws/build/coordinate_transformer -- -j8 -l8
[0.063s] -- Found ament_cmake: 2.5.3 (/opt/ros/jazzy/share/ament_cmake/cmake)
[0.407s] -- Found rclcpp: 28.1.8 (/opt/ros/jazzy/share/rclcpp/cmake)
[0.455s] -- Found rosidl_generator_c: 4.6.5 (/opt/ros/jazzy/share/rosidl_generator_c/cmake)
[0.468s] -- Found rosidl_generator_cpp: 4.6.5 (/opt/ros/jazzy/share/rosidl_generator_cpp/cmake)
[0.482s] -- Using all available rosidl_typesupport_c: rosidl_typesupport_fastrtps_c;rosidl_typesupport_introspection_c
[0.498s] -- Using all available rosidl_typesupport_cpp: rosidl_typesupport_fastrtps_cpp;rosidl_typesupport_introspection_cpp
[0.562s] -- Found rmw_implementation_cmake: 7.3.2 (/opt/ros/jazzy/share/rmw_implementation_cmake/cmake)
[0.566s] -- Found rmw_fastrtps_cpp: 8.4.2 (/opt/ros/jazzy/share/rmw_fastrtps_cpp/cmake)
[0.642s] -- Using RMW implementation 'rmw_fastrtps_cpp' as default
[0.708s] -- Found tf2: 0.36.9 (/opt/ros/jazzy/share/tf2/cmake)
[0.743s] -- Found tf2_ros: 0.36.9 (/opt/ros/jazzy/share/tf2_ros/cmake)
[0.851s] -- Found tf2_geometry_msgs: 0.36.9 (/opt/ros/jazzy/share/tf2_geometry_msgs/cmake)
[0.855s] -- Found eigen3_cmake_module: 0.3.0 (/opt/ros/jazzy/share/eigen3_cmake_module/cmake)
[0.856s] -- Ensuring Eigen3 include directory is part of orocos-kdl CMake target
[0.870s] -- Found ament_lint_auto: 0.17.2 (/opt/ros/jazzy/share/ament_lint_auto/cmake)
[0.983s] -- Found ament_cmake_gtest: 2.5.3 (/opt/ros/jazzy/share/ament_cmake_gtest/cmake)
[0.984s] -- Found gtest sources under '/opt/ros/jazzy/src/gtest_vendor': C++ tests using 'Google Test' will be built
[0.991s] -- Configuring done (0.9s)
[1.020s] -- Generating done (0.0s)
[1.031s] -- Build files have been written to: /home/user/ros2_ws/build/coordinate_transformer
[1.089s] [ 50%] Built target gtest
[1.089s] [ 50%] Built target gtest_main
[1.094s] [ 75%] Built target coordinate_transformer_lib
[1.158s] [ 87%] [32m[1mLinking CXX executable test_coordinate_transformer[0m
[1.508s] [100%] Built target test_coordinate_transformer
[1.526s] Invoked command in '/home/user/ros2_ws/build/coordinate_transformer' returned '0': CMAKE_PREFIX_PATH=${CMAKE_PREFIX_PATH}:/home/user/ws_moveit/install/moveit_configs_utils:/opt/ros/jazzy DEBUGINFOD_URLS=https://debuginfod.ubuntu.com /usr/bin/cmake --build /home/user/ros2_ws/build/coordinate_transformer -- -j8 -l8
[1.547s] Invoking command in '/home/user/ros2_ws/build/coordinate_transformer': CMAKE_PREFIX_PATH=${CMAKE_PREFIX_PATH}:/home/user/ws_moveit/install/moveit_configs_utils:/opt/ros/jazzy DEBUGINFOD_URLS=https://debuginfod.ubuntu.com /usr/bin/cmake --install /home/user/ros2_ws/build/coordinate_transformer
[1.565s] -- Install configuration: ""
[1.566s] -- Up-to-date: /home/user/ros2_ws/install/coordinate_transformer/lib/libcoordinate_transformer_lib.a
[1.566s] -- Up-to-date: /home/user/ros2_ws/install/coordinate_transformer/include
[1.566s] -- Up-to-date: /home/user/ros2_ws/install/coordinate_transformer/include/coordinate_transformer
[1.566s] -- Up-to-date: /home/user/ros2_ws/install/coordinate_transformer/include/coordinate_transformer/gcode_parser.hpp
[1.566s] -- Up-to-date: /home/user/ros2_ws/install/coordinate_transformer/include/coordinate_transformer/coordinate_transformer.hpp
[1.567s] -- Up-to-date: /home/user/ros2_ws/install/coordinate_transformer/share/coordinate_transformer/config
[1.567s] -- Up-to-date: /home/user/ros2_ws/install/coordinate_transformer/share/coordinate_transformer/config/transforms.yaml
[1.567s] -- Up-to-date: /home/user/ros2_ws/install/coordinate_transformer/share/ament_index/resource_index/package_run_dependencies/coordinate_transformer
[1.567s] -- Installing: /home/user/ros2_ws/install/coordinate_transformer/share/ament_index/resource_index/parent_prefix_path/coordinate_transformer
[1.567s] -- Up-to-date: /home/user/ros2_ws/install/coordinate_transformer/share/coordinate_transformer/environment/ament_prefix_path.sh
[1.568s] -- Up-to-date: /home/user/ros2_ws/install/coordinate_transformer/share/coordinate_transformer/environment/ament_prefix_path.dsv
[1.568s] -- Up-to-date: /home/user/ros2_ws/install/coordinate_transformer/share/coordinate_transformer/environment/path.sh
[1.568s] -- Up-to-date: /home/user/ros2_ws/install/coordinate_transformer/share/coordinate_transformer/environment/path.dsv
[1.568s] -- Up-to-date: /home/user/ros2_ws/install/coordinate_transformer/share/coordinate_transformer/local_setup.bash
[1.568s] -- Up-to-date: /home/user/ros2_ws/install/coordinate_transformer/share/coordinate_transformer/local_setup.sh
[1.568s] -- Up-to-date: /home/user/ros2_ws/install/coordinate_transformer/share/coordinate_transformer/local_setup.zsh
[1.568s] -- Up-to-date: /home/user/ros2_ws/install/coordinate_transformer/share/coordinate_transformer/local_setup.dsv
[1.569s] -- Installing: /home/user/ros2_ws/install/coordinate_transformer/share/coordinate_transformer/package.dsv
[1.569s] -- Up-to-date: /home/user/ros2_ws/install/coordinate_transformer/share/ament_index/resource_index/packages/coordinate_transformer
[1.569s] -- Up-to-date: /home/user/ros2_ws/install/coordinate_transformer/share/coordinate_transformer/cmake/coordinate_transformerConfig.cmake
[1.569s] -- Up-to-date: /home/user/ros2_ws/install/coordinate_transformer/share/coordinate_transformer/cmake/coordinate_transformerConfig-version.cmake
[1.569s] -- Up-to-date: /home/user/ros2_ws/install/coordinate_transformer/share/coordinate_transformer/package.xml
[1.571s] Invoked command in '/home/user/ros2_ws/build/coordinate_transformer' returned '0': CMAKE_PREFIX_PATH=${CMAKE_PREFIX_PATH}:/home/user/ws_moveit/install/moveit_configs_utils:/opt/ros/jazzy DEBUGINFOD_URLS=https://debuginfod.ubuntu.com /usr/bin/cmake --install /home/user/ros2_ws/build/coordinate_transformer
