[0.016s] Invoking command in '/home/user/ros2_ws/build/coordinate_transformer': CMAKE_PREFIX_PATH=${CMAKE_PREFIX_PATH}:/home/user/ws_moveit/install/moveit_configs_utils:/opt/ros/jazzy DEBUGINFOD_URLS=https://debuginfod.ubuntu.com /usr/bin/cmake --build /home/user/ros2_ws/build/coordinate_transformer -- -j8 -l8
[0.070s] -- Found ament_cmake: 2.5.3 (/opt/ros/jazzy/share/ament_cmake/cmake)
[0.452s] -- Found rclcpp: 28.1.8 (/opt/ros/jazzy/share/rclcpp/cmake)
[0.542s] -- Found rosidl_generator_c: 4.6.5 (/opt/ros/jazzy/share/rosidl_generator_c/cmake)
[0.562s] -- Found rosidl_generator_cpp: 4.6.5 (/opt/ros/jazzy/share/rosidl_generator_cpp/cmake)
[0.601s] -- Using all available rosidl_typesupport_c: rosidl_typesupport_fastrtps_c;rosidl_typesupport_introspection_c
[0.638s] -- Using all available rosidl_typesupport_cpp: rosidl_typesupport_fastrtps_cpp;rosidl_typesupport_introspection_cpp
[0.728s] -- Found rmw_implementation_cmake: 7.3.2 (/opt/ros/jazzy/share/rmw_implementation_cmake/cmake)
[0.734s] -- Found rmw_fastrtps_cpp: 8.4.2 (/opt/ros/jazzy/share/rmw_fastrtps_cpp/cmake)
[0.837s] -- Using RMW implementation 'rmw_fastrtps_cpp' as default
[0.922s] -- Found tf2: 0.36.9 (/opt/ros/jazzy/share/tf2/cmake)
[0.973s] -- Found tf2_ros: 0.36.9 (/opt/ros/jazzy/share/tf2_ros/cmake)
[1.109s] -- Found tf2_geometry_msgs: 0.36.9 (/opt/ros/jazzy/share/tf2_geometry_msgs/cmake)
[1.116s] -- Found eigen3_cmake_module: 0.3.0 (/opt/ros/jazzy/share/eigen3_cmake_module/cmake)
[1.118s] -- Ensuring Eigen3 include directory is part of orocos-kdl CMake target
[1.169s] -- Found ament_lint_auto: 0.17.2 (/opt/ros/jazzy/share/ament_lint_auto/cmake)
[1.308s] -- Found ament_cmake_gtest: 2.5.3 (/opt/ros/jazzy/share/ament_cmake_gtest/cmake)
[1.321s] -- Found gtest sources under '/opt/ros/jazzy/src/gtest_vendor': C++ tests using 'Google Test' will be built
[1.329s] -- Performing Test CMAKE_HAVE_LIBC_PTHREAD
[1.631s] -- Performing Test CMAKE_HAVE_LIBC_PTHREAD - Success
[1.633s] -- Found Threads: TRUE  
[1.641s] -- Configuring done (1.6s)
[1.685s] -- Generating done (0.0s)
[1.695s] -- Build files have been written to: /home/user/ros2_ws/build/coordinate_transformer
[1.777s] [ 25%] [32mBuilding CXX object gtest/CMakeFiles/gtest.dir/src/gtest-all.cc.o[0m
[1.777s] [ 25%] [32mBuilding CXX object gtest/CMakeFiles/gtest_main.dir/src/gtest_main.cc.o[0m
[1.791s] [ 50%] Built target coordinate_transformer_lib
[2.529s] [ 62%] [32m[1mLinking CXX static library libgtest_main.a[0m
[2.792s] [ 62%] Built target gtest_main
[5.321s] [ 75%] [32m[1mLinking CXX static library libgtest.a[0m
[5.501s] [ 75%] Built target gtest
[5.555s] [ 87%] [32mBuilding CXX object CMakeFiles/test_coordinate_transformer.dir/test/test_coordinate_transformer.cpp.o[0m
[9.978s] [100%] [32m[1mLinking CXX executable test_coordinate_transformer[0m
[10.341s] /usr/bin/ld: libcoordinate_transformer_lib.a(coordinate_transformer.cpp.o): warning: relocation against `_ZTVN4YAML9ExceptionE' in read-only section `.text._ZN4YAML9ExceptionC2ERKNS_4MarkERKNSt7__cxx1112basic_stringIcSt11char_traitsIcESaIcEEE[_ZN4YAML9ExceptionC5ERKNS_4MarkERKNSt7__cxx1112basic_stringIcSt11char_traitsIcESaIcEEE]'
[10.370s] /usr/bin/ld: libcoordinate_transformer_lib.a(coordinate_transformer.cpp.o): в функции «CoordinateTransformer::loadConfig(std::__cxx11::basic_string<char, std::char_traits<char>, std::allocator<char> > const&)»:
[10.370s] coordinate_transformer.cpp:(.text+0xccc): undefined reference to `YAML::LoadFile(std::__cxx11::basic_string<char, std::char_traits<char>, std::allocator<char> > const&)'
[10.370s] /usr/bin/ld: libcoordinate_transformer_lib.a(coordinate_transformer.cpp.o): в функции «YAML::Exception::Exception(YAML::Mark const&, std::__cxx11::basic_string<char, std::char_traits<char>, std::allocator<char> > const&)»:
[10.371s] coordinate_transformer.cpp:(.text._ZN4YAML9ExceptionC2ERKNS_4MarkERKNSt7__cxx1112basic_stringIcSt11char_traitsIcESaIcEEE[_ZN4YAML9ExceptionC5ERKNS_4MarkERKNSt7__cxx1112basic_stringIcSt11char_traitsIcESaIcEEE]+0x61): undefined reference to `vtable for YAML::Exception'
[10.371s] /usr/bin/ld: libcoordinate_transformer_lib.a(coordinate_transformer.cpp.o): в функции «YAML::RepresentationException::RepresentationException(YAML::Mark const&, std::__cxx11::basic_string<char, std::char_traits<char>, std::allocator<char> > const&)»:
[10.371s] coordinate_transformer.cpp:(.text._ZN4YAML23RepresentationExceptionC2ERKNS_4MarkERKNSt7__cxx1112basic_stringIcSt11char_traitsIcESaIcEEE[_ZN4YAML23RepresentationExceptionC5ERKNS_4MarkERKNSt7__cxx1112basic_stringIcSt11char_traitsIcESaIcEEE]+0x32): undefined reference to `vtable for YAML::RepresentationException'
[10.371s] /usr/bin/ld: libcoordinate_transformer_lib.a(coordinate_transformer.cpp.o): в функции «YAML::InvalidNode::InvalidNode(std::__cxx11::basic_string<char, std::char_traits<char>, std::allocator<char> > const&)»:
[10.371s] coordinate_transformer.cpp:(.text._ZN4YAML11InvalidNodeC2ERKNSt7__cxx1112basic_stringIcSt11char_traitsIcESaIcEEE[_ZN4YAML11InvalidNodeC5ERKNSt7__cxx1112basic_stringIcSt11char_traitsIcESaIcEEE]+0x71): undefined reference to `vtable for YAML::InvalidNode'
[10.371s] /usr/bin/ld: libcoordinate_transformer_lib.a(coordinate_transformer.cpp.o): в функции «YAML::BadConversion::BadConversion(YAML::Mark const&)»:
[10.371s] coordinate_transformer.cpp:(.text._ZN4YAML13BadConversionC2ERKNS_4MarkE[_ZN4YAML13BadConversionC5ERKNS_4MarkE]+0x7b): undefined reference to `vtable for YAML::BadConversion'
[10.371s] /usr/bin/ld: libcoordinate_transformer_lib.a(coordinate_transformer.cpp.o): в функции «YAML::detail::memory_holder::create_node()»:
[10.371s] coordinate_transformer.cpp:(.text._ZN4YAML6detail13memory_holder11create_nodeEv[_ZN4YAML6detail13memory_holder11create_nodeEv]+0x20): undefined reference to `YAML::detail::memory::create_node()'
[10.371s] /usr/bin/ld: libcoordinate_transformer_lib.a(coordinate_transformer.cpp.o): в функции «YAML::detail::node_ref::mark_defined()»:
[10.372s] coordinate_transformer.cpp:(.text._ZN4YAML6detail8node_ref12mark_definedEv[_ZN4YAML6detail8node_ref12mark_definedEv]+0x20): undefined reference to `YAML::detail::node_data::mark_defined()'
[10.372s] /usr/bin/ld: libcoordinate_transformer_lib.a(coordinate_transformer.cpp.o): в функции «YAML::detail::node_ref::set_null()»:
[10.372s] coordinate_transformer.cpp:(.text._ZN4YAML6detail8node_ref8set_nullEv[_ZN4YAML6detail8node_ref8set_nullEv]+0x20): undefined reference to `YAML::detail::node_data::set_null()'
[10.372s] /usr/bin/ld: libcoordinate_transformer_lib.a(coordinate_transformer.cpp.o): в функции «YAML::detail::node_ref::set_scalar(std::__cxx11::basic_string<char, std::char_traits<char>, std::allocator<char> > const&)»:
[10.372s] coordinate_transformer.cpp:(.text._ZN4YAML6detail8node_ref10set_scalarERKNSt7__cxx1112basic_stringIcSt11char_traitsIcESaIcEEE[_ZN4YAML6detail8node_ref10set_scalarERKNSt7__cxx1112basic_stringIcSt11char_traitsIcESaIcEEE]+0x2e): undefined reference to `YAML::detail::node_data::set_scalar(std::__cxx11::basic_string<char, std::char_traits<char>, std::allocator<char> > const&)'
[10.372s] /usr/bin/ld: libcoordinate_transformer_lib.a(coordinate_transformer.cpp.o): в функции «YAML::detail::node_ref::begin()»:
[10.372s] coordinate_transformer.cpp:(.text._ZN4YAML6detail8node_ref5beginEv[_ZN4YAML6detail8node_ref5beginEv]+0x3d): undefined reference to `YAML::detail::node_data::begin()'
[10.372s] /usr/bin/ld: libcoordinate_transformer_lib.a(coordinate_transformer.cpp.o): в функции «YAML::detail::node_ref::end()»:
[10.372s] coordinate_transformer.cpp:(.text._ZN4YAML6detail8node_ref3endEv[_ZN4YAML6detail8node_ref3endEv]+0x3d): undefined reference to `YAML::detail::node_data::end()'
[10.372s] /usr/bin/ld: libcoordinate_transformer_lib.a(coordinate_transformer.cpp.o): в функции «YAML::Node::EnsureNodeExists() const»:
[10.372s] coordinate_transformer.cpp:(.text._ZNK4YAML4Node16EnsureNodeExistsEv[_ZNK4YAML4Node16EnsureNodeExistsEv]+0x46): undefined reference to `YAML::InvalidNode::~InvalidNode()'
[10.372s] /usr/bin/ld: coordinate_transformer.cpp:(.text._ZNK4YAML4Node16EnsureNodeExistsEv[_ZNK4YAML4Node16EnsureNodeExistsEv]+0x50): undefined reference to `typeinfo for YAML::InvalidNode'
[10.373s] /usr/bin/ld: libcoordinate_transformer_lib.a(coordinate_transformer.cpp.o): в функции «YAML::Node::Mark() const»:
[10.373s] coordinate_transformer.cpp:(.text._ZNK4YAML4Node4MarkEv[_ZNK4YAML4Node4MarkEv]+0x44): undefined reference to `YAML::InvalidNode::~InvalidNode()'
[10.373s] /usr/bin/ld: coordinate_transformer.cpp:(.text._ZNK4YAML4Node4MarkEv[_ZNK4YAML4Node4MarkEv]+0x4e): undefined reference to `typeinfo for YAML::InvalidNode'
[10.373s] /usr/bin/ld: libcoordinate_transformer_lib.a(coordinate_transformer.cpp.o): в функции «YAML::Node::Type() const»:
[10.373s] coordinate_transformer.cpp:(.text._ZNK4YAML4Node4TypeEv[_ZNK4YAML4Node4TypeEv]+0x44): undefined reference to `YAML::InvalidNode::~InvalidNode()'
[10.373s] /usr/bin/ld: coordinate_transformer.cpp:(.text._ZNK4YAML4Node4TypeEv[_ZNK4YAML4Node4TypeEv]+0x4e): undefined reference to `typeinfo for YAML::InvalidNode'
[10.373s] /usr/bin/ld: libcoordinate_transformer_lib.a(coordinate_transformer.cpp.o): в функции «YAML::TypedBadConversion<std::__cxx11::basic_string<char, std::char_traits<char>, std::allocator<char> > >::~TypedBadConversion()»:
[10.373s] coordinate_transformer.cpp:(.text._ZN4YAML18TypedBadConversionINSt7__cxx1112basic_stringIcSt11char_traitsIcESaIcEEEED2Ev[_ZN4YAML18TypedBadConversionINSt7__cxx1112basic_stringIcSt11char_traitsIcESaIcEEEED5Ev]+0x26): undefined reference to `YAML::BadConversion::~BadConversion()'
[10.374s] /usr/bin/ld: libcoordinate_transformer_lib.a(coordinate_transformer.cpp.o): в функции «YAML::Node::Scalar[abi:cxx11]() const»:
[10.374s] coordinate_transformer.cpp:(.text._ZNK4YAML4Node6ScalarB5cxx11Ev[_ZNK4YAML4Node6ScalarB5cxx11Ev]+0x44): undefined reference to `YAML::InvalidNode::~InvalidNode()'
[10.374s] /usr/bin/ld: coordinate_transformer.cpp:(.text._ZNK4YAML4Node6ScalarB5cxx11Ev[_ZNK4YAML4Node6ScalarB5cxx11Ev]+0x4e): undefined reference to `typeinfo for YAML::InvalidNode'
[10.374s] /usr/bin/ld: coordinate_transformer.cpp:(.text._ZNK4YAML4Node6ScalarB5cxx11Ev[_ZNK4YAML4Node6ScalarB5cxx11Ev]+0x7d): undefined reference to `YAML::detail::node_data::empty_scalar[abi:cxx11]()'
[10.374s] /usr/bin/ld: libcoordinate_transformer_lib.a(coordinate_transformer.cpp.o): в функции «std::__cxx11::basic_string<char, std::char_traits<char>, std::allocator<char> > YAML::Node::as<std::__cxx11::basic_string<char, std::char_traits<char>, std::allocator<char> > >() const»:
[10.374s] coordinate_transformer.cpp:(.text._ZNK4YAML4Node2asINSt7__cxx1112basic_stringIcSt11char_traitsIcESaIcEEEEET_v[_ZNK4YAML4Node2asINSt7__cxx1112basic_stringIcSt11char_traitsIcESaIcEEEEET_v]+0x6b): undefined reference to `YAML::InvalidNode::~InvalidNode()'
[10.374s] /usr/bin/ld: coordinate_transformer.cpp:(.text._ZNK4YAML4Node2asINSt7__cxx1112basic_stringIcSt11char_traitsIcESaIcEEEEET_v[_ZNK4YAML4Node2asINSt7__cxx1112basic_stringIcSt11char_traitsIcESaIcEEEEET_v]+0x75): undefined reference to `typeinfo for YAML::InvalidNode'
[10.374s] /usr/bin/ld: libcoordinate_transformer_lib.a(coordinate_transformer.cpp.o): в функции «double YAML::Node::as<double>() const»:
[10.374s] coordinate_transformer.cpp:(.text._ZNK4YAML4Node2asIdEET_v[_ZNK4YAML4Node2asIdEET_v]+0x67): undefined reference to `YAML::InvalidNode::~InvalidNode()'
[10.374s] /usr/bin/ld: coordinate_transformer.cpp:(.text._ZNK4YAML4Node2asIdEET_v[_ZNK4YAML4Node2asIdEET_v]+0x71): undefined reference to `typeinfo for YAML::InvalidNode'
[10.374s] /usr/bin/ld: libcoordinate_transformer_lib.a(coordinate_transformer.cpp.o): в функции «YAML::TypedBadConversion<double>::~TypedBadConversion()»:
[10.374s] coordinate_transformer.cpp:(.text._ZN4YAML18TypedBadConversionIdED2Ev[_ZN4YAML18TypedBadConversionIdED5Ev]+0x26): undefined reference to `YAML::BadConversion::~BadConversion()'
[10.374s] /usr/bin/ld: libcoordinate_transformer_lib.a(coordinate_transformer.cpp.o): в функции «YAML::detail::node& YAML::detail::node_data::get<char [11]>(char const (&) [11], std::shared_ptr<YAML::detail::memory_holder>)»:
[10.374s] coordinate_transformer.cpp:(.text._ZN4YAML6detail9node_data3getIA11_cEERNS0_4nodeERKT_St10shared_ptrINS0_13memory_holderEE[_ZN4YAML6detail9node_data3getIA11_cEERNS0_4nodeERKT_St10shared_ptrINS0_13memory_holderEE]+0xd3): undefined reference to `YAML::detail::node_data::convert_to_map(std::shared_ptr<YAML::detail::memory_holder> const&)'
[10.375s] /usr/bin/ld: coordinate_transformer.cpp:(.text._ZN4YAML6detail9node_data3getIA11_cEERNS0_4nodeERKT_St10shared_ptrINS0_13memory_holderEE[_ZN4YAML6detail9node_data3getIA11_cEERNS0_4nodeERKT_St10shared_ptrINS0_13memory_holderEE]+0x117): undefined reference to `YAML::BadSubscript::~BadSubscript()'
[10.375s] /usr/bin/ld: coordinate_transformer.cpp:(.text._ZN4YAML6detail9node_data3getIA11_cEERNS0_4nodeERKT_St10shared_ptrINS0_13memory_holderEE[_ZN4YAML6detail9node_data3getIA11_cEERNS0_4nodeERKT_St10shared_ptrINS0_13memory_holderEE]+0x121): undefined reference to `typeinfo for YAML::BadSubscript'
[10.375s] /usr/bin/ld: coordinate_transformer.cpp:(.text._ZN4YAML6detail9node_data3getIA11_cEERNS0_4nodeERKT_St10shared_ptrINS0_13memory_holderEE[_ZN4YAML6detail9node_data3getIA11_cEERNS0_4nodeERKT_St10shared_ptrINS0_13memory_holderEE]+0x20f): undefined reference to `YAML::detail::node_data::insert_map_pair(YAML::detail::node&, YAML::detail::node&)'
[10.375s] /usr/bin/ld: libcoordinate_transformer_lib.a(coordinate_transformer.cpp.o): в функции «YAML::detail::node* YAML::detail::node_data::get<char [13]>(char const (&) [13], std::shared_ptr<YAML::detail::memory_holder>) const»:
[10.375s] coordinate_transformer.cpp:(.text._ZNK4YAML6detail9node_data3getIA13_cEEPNS0_4nodeERKT_St10shared_ptrINS0_13memory_holderEE[_ZNK4YAML6detail9node_data3getIA13_cEEPNS0_4nodeERKT_St10shared_ptrINS0_13memory_holderEE]+0x10b): undefined reference to `YAML::BadSubscript::~BadSubscript()'
[10.375s] /usr/bin/ld: coordinate_transformer.cpp:(.text._ZNK4YAML6detail9node_data3getIA13_cEEPNS0_4nodeERKT_St10shared_ptrINS0_13memory_holderEE[_ZNK4YAML6detail9node_data3getIA13_cEEPNS0_4nodeERKT_St10shared_ptrINS0_13memory_holderEE]+0x115): undefined reference to `typeinfo for YAML::BadSubscript'
[10.375s] /usr/bin/ld: libcoordinate_transformer_lib.a(coordinate_transformer.cpp.o): в функции «YAML::detail::node* YAML::detail::node_data::get<char [12]>(char const (&) [12], std::shared_ptr<YAML::detail::memory_holder>) const»:
[10.375s] coordinate_transformer.cpp:(.text._ZNK4YAML6detail9node_data3getIA12_cEEPNS0_4nodeERKT_St10shared_ptrINS0_13memory_holderEE[_ZNK4YAML6detail9node_data3getIA12_cEEPNS0_4nodeERKT_St10shared_ptrINS0_13memory_holderEE]+0x10b): undefined reference to `YAML::BadSubscript::~BadSubscript()'
[10.375s] /usr/bin/ld: coordinate_transformer.cpp:(.text._ZNK4YAML6detail9node_data3getIA12_cEEPNS0_4nodeERKT_St10shared_ptrINS0_13memory_holderEE[_ZNK4YAML6detail9node_data3getIA12_cEEPNS0_4nodeERKT_St10shared_ptrINS0_13memory_holderEE]+0x115): undefined reference to `typeinfo for YAML::BadSubscript'
[10.375s] /usr/bin/ld: libcoordinate_transformer_lib.a(coordinate_transformer.cpp.o): в функции «YAML::detail::node& YAML::detail::node_data::get<int>(int const&, std::shared_ptr<YAML::detail::memory_holder>)»:
[10.375s] coordinate_transformer.cpp:(.text._ZN4YAML6detail9node_data3getIiEERNS0_4nodeERKT_St10shared_ptrINS0_13memory_holderEE[_ZN4YAML6detail9node_data3getIiEERNS0_4nodeERKT_St10shared_ptrINS0_13memory_holderEE]+0xd3): undefined reference to `YAML::detail::node_data::convert_to_map(std::shared_ptr<YAML::detail::memory_holder> const&)'
[10.375s] /usr/bin/ld: coordinate_transformer.cpp:(.text._ZN4YAML6detail9node_data3getIiEERNS0_4nodeERKT_St10shared_ptrINS0_13memory_holderEE[_ZN4YAML6detail9node_data3getIiEERNS0_4nodeERKT_St10shared_ptrINS0_13memory_holderEE]+0x117): undefined reference to `YAML::BadSubscript::~BadSubscript()'
[10.375s] /usr/bin/ld: coordinate_transformer.cpp:(.text._ZN4YAML6detail9node_data3getIiEERNS0_4nodeERKT_St10shared_ptrINS0_13memory_holderEE[_ZN4YAML6detail9node_data3getIiEERNS0_4nodeERKT_St10shared_ptrINS0_13memory_holderEE]+0x121): undefined reference to `typeinfo for YAML::BadSubscript'
[10.375s] /usr/bin/ld: coordinate_transformer.cpp:(.text._ZN4YAML6detail9node_data3getIiEERNS0_4nodeERKT_St10shared_ptrINS0_13memory_holderEE[_ZN4YAML6detail9node_data3getIiEERNS0_4nodeERKT_St10shared_ptrINS0_13memory_holderEE]+0x20f): undefined reference to `YAML::detail::node_data::insert_map_pair(YAML::detail::node&, YAML::detail::node&)'
[10.375s] /usr/bin/ld: libcoordinate_transformer_lib.a(coordinate_transformer.cpp.o): в функции «YAML::detail::node* YAML::detail::node_data::get<char [9]>(char const (&) [9], std::shared_ptr<YAML::detail::memory_holder>) const»:
[10.375s] coordinate_transformer.cpp:(.text._ZNK4YAML6detail9node_data3getIA9_cEEPNS0_4nodeERKT_St10shared_ptrINS0_13memory_holderEE[_ZNK4YAML6detail9node_data3getIA9_cEEPNS0_4nodeERKT_St10shared_ptrINS0_13memory_holderEE]+0x10b): undefined reference to `YAML::BadSubscript::~BadSubscript()'
[10.376s] /usr/bin/ld: coordinate_transformer.cpp:(.text._ZNK4YAML6detail9node_data3getIA9_cEEPNS0_4nodeERKT_St10shared_ptrINS0_13memory_holderEE[_ZNK4YAML6detail9node_data3getIA9_cEEPNS0_4nodeERKT_St10shared_ptrINS0_13memory_holderEE]+0x115): undefined reference to `typeinfo for YAML::BadSubscript'
[10.376s] /usr/bin/ld: libcoordinate_transformer_lib.a(coordinate_transformer.cpp.o): в функции «YAML::detail::node& YAML::detail::node_data::get<char [7]>(char const (&) [7], std::shared_ptr<YAML::detail::memory_holder>)»:
[10.376s] coordinate_transformer.cpp:(.text._ZN4YAML6detail9node_data3getIA7_cEERNS0_4nodeERKT_St10shared_ptrINS0_13memory_holderEE[_ZN4YAML6detail9node_data3getIA7_cEERNS0_4nodeERKT_St10shared_ptrINS0_13memory_holderEE]+0xd3): undefined reference to `YAML::detail::node_data::convert_to_map(std::shared_ptr<YAML::detail::memory_holder> const&)'
[10.376s] /usr/bin/ld: coordinate_transformer.cpp:(.text._ZN4YAML6detail9node_data3getIA7_cEERNS0_4nodeERKT_St10shared_ptrINS0_13memory_holderEE[_ZN4YAML6detail9node_data3getIA7_cEERNS0_4nodeERKT_St10shared_ptrINS0_13memory_holderEE]+0x117): undefined reference to `YAML::BadSubscript::~BadSubscript()'
[10.376s] /usr/bin/ld: coordinate_transformer.cpp:(.text._ZN4YAML6detail9node_data3getIA7_cEERNS0_4nodeERKT_St10shared_ptrINS0_13memory_holderEE[_ZN4YAML6detail9node_data3getIA7_cEERNS0_4nodeERKT_St10shared_ptrINS0_13memory_holderEE]+0x121): undefined reference to `typeinfo for YAML::BadSubscript'
[10.376s] /usr/bin/ld: coordinate_transformer.cpp:(.text._ZN4YAML6detail9node_data3getIA7_cEERNS0_4nodeERKT_St10shared_ptrINS0_13memory_holderEE[_ZN4YAML6detail9node_data3getIA7_cEERNS0_4nodeERKT_St10shared_ptrINS0_13memory_holderEE]+0x20f): undefined reference to `YAML::detail::node_data::insert_map_pair(YAML::detail::node&, YAML::detail::node&)'
[10.376s] /usr/bin/ld: libcoordinate_transformer_lib.a(coordinate_transformer.cpp.o): в функции «YAML::detail::node* YAML::detail::node_data::get<char [4]>(char const (&) [4], std::shared_ptr<YAML::detail::memory_holder>) const»:
[10.376s] coordinate_transformer.cpp:(.text._ZNK4YAML6detail9node_data3getIA4_cEEPNS0_4nodeERKT_St10shared_ptrINS0_13memory_holderEE[_ZNK4YAML6detail9node_data3getIA4_cEEPNS0_4nodeERKT_St10shared_ptrINS0_13memory_holderEE]+0x10b): undefined reference to `YAML::BadSubscript::~BadSubscript()'
[10.376s] /usr/bin/ld: coordinate_transformer.cpp:(.text._ZNK4YAML6detail9node_data3getIA4_cEEPNS0_4nodeERKT_St10shared_ptrINS0_13memory_holderEE[_ZNK4YAML6detail9node_data3getIA4_cEEPNS0_4nodeERKT_St10shared_ptrINS0_13memory_holderEE]+0x115): undefined reference to `typeinfo for YAML::BadSubscript'
[10.376s] /usr/bin/ld: libcoordinate_transformer_lib.a(coordinate_transformer.cpp.o): в функции «YAML::BadSubscript::BadSubscript<char [11]>(YAML::Mark const&, char const (&) [11])»:
[10.376s] coordinate_transformer.cpp:(.text._ZN4YAML12BadSubscriptC2IA11_cEERKNS_4MarkERKT_[_ZN4YAML12BadSubscriptC5IA11_cEERKNS_4MarkERKT_]+0x61): undefined reference to `vtable for YAML::BadSubscript'
[10.376s] /usr/bin/ld: libcoordinate_transformer_lib.a(coordinate_transformer.cpp.o): в функции «YAML::detail::node& YAML::detail::node_data::convert_to_node<char [11]>(char const (&) [11], std::shared_ptr<YAML::detail::memory_holder>)»:
[10.376s] coordinate_transformer.cpp:(.text._ZN4YAML6detail9node_data15convert_to_nodeIA11_cEERNS0_4nodeERKT_St10shared_ptrINS0_13memory_holderEE[_ZN4YAML6detail9node_data15convert_to_nodeIA11_cEERNS0_4nodeERKT_St10shared_ptrINS0_13memory_holderEE]+0x69): undefined reference to `YAML::detail::memory_holder::merge(YAML::detail::memory_holder&)'
[10.376s] /usr/bin/ld: libcoordinate_transformer_lib.a(coordinate_transformer.cpp.o): в функции «YAML::BadSubscript::BadSubscript<char [13]>(YAML::Mark const&, char const (&) [13])»:
[10.376s] coordinate_transformer.cpp:(.text._ZN4YAML12BadSubscriptC2IA13_cEERKNS_4MarkERKT_[_ZN4YAML12BadSubscriptC5IA13_cEERKNS_4MarkERKT_]+0x61): undefined reference to `vtable for YAML::BadSubscript'
[10.377s] /usr/bin/ld: libcoordinate_transformer_lib.a(coordinate_transformer.cpp.o): в функции «YAML::BadSubscript::BadSubscript<char [12]>(YAML::Mark const&, char const (&) [12])»:
[10.377s] coordinate_transformer.cpp:(.text._ZN4YAML12BadSubscriptC2IA12_cEERKNS_4MarkERKT_[_ZN4YAML12BadSubscriptC5IA12_cEERKNS_4MarkERKT_]+0x61): undefined reference to `vtable for YAML::BadSubscript'
[10.377s] /usr/bin/ld: libcoordinate_transformer_lib.a(coordinate_transformer.cpp.o): в функции «YAML::BadSubscript::BadSubscript<int>(YAML::Mark const&, int const&)»:
[10.377s] coordinate_transformer.cpp:(.text._ZN4YAML12BadSubscriptC2IiEERKNS_4MarkERKT_[_ZN4YAML12BadSubscriptC5IiEERKNS_4MarkERKT_]+0x66): undefined reference to `vtable for YAML::BadSubscript'
[10.377s] /usr/bin/ld: libcoordinate_transformer_lib.a(coordinate_transformer.cpp.o): в функции «YAML::detail::node& YAML::detail::node_data::convert_to_node<int>(int const&, std::shared_ptr<YAML::detail::memory_holder>)»:
[10.377s] coordinate_transformer.cpp:(.text._ZN4YAML6detail9node_data15convert_to_nodeIiEERNS0_4nodeERKT_St10shared_ptrINS0_13memory_holderEE[_ZN4YAML6detail9node_data15convert_to_nodeIiEERNS0_4nodeERKT_St10shared_ptrINS0_13memory_holderEE]+0x69): undefined reference to `YAML::detail::memory_holder::merge(YAML::detail::memory_holder&)'
[10.377s] /usr/bin/ld: libcoordinate_transformer_lib.a(coordinate_transformer.cpp.o): в функции «YAML::BadSubscript::BadSubscript<char [9]>(YAML::Mark const&, char const (&) [9])»:
[10.377s] coordinate_transformer.cpp:(.text._ZN4YAML12BadSubscriptC2IA9_cEERKNS_4MarkERKT_[_ZN4YAML12BadSubscriptC5IA9_cEERKNS_4MarkERKT_]+0x61): undefined reference to `vtable for YAML::BadSubscript'
[10.377s] /usr/bin/ld: libcoordinate_transformer_lib.a(coordinate_transformer.cpp.o): в функции «YAML::BadSubscript::BadSubscript<char [7]>(YAML::Mark const&, char const (&) [7])»:
[10.377s] coordinate_transformer.cpp:(.text._ZN4YAML12BadSubscriptC2IA7_cEERKNS_4MarkERKT_[_ZN4YAML12BadSubscriptC5IA7_cEERKNS_4MarkERKT_]+0x61): undefined reference to `vtable for YAML::BadSubscript'
[10.377s] /usr/bin/ld: libcoordinate_transformer_lib.a(coordinate_transformer.cpp.o): в функции «YAML::detail::node& YAML::detail::node_data::convert_to_node<char [7]>(char const (&) [7], std::shared_ptr<YAML::detail::memory_holder>)»:
[10.377s] coordinate_transformer.cpp:(.text._ZN4YAML6detail9node_data15convert_to_nodeIA7_cEERNS0_4nodeERKT_St10shared_ptrINS0_13memory_holderEE[_ZN4YAML6detail9node_data15convert_to_nodeIA7_cEERNS0_4nodeERKT_St10shared_ptrINS0_13memory_holderEE]+0x69): undefined reference to `YAML::detail::memory_holder::merge(YAML::detail::memory_holder&)'
[10.377s] /usr/bin/ld: libcoordinate_transformer_lib.a(coordinate_transformer.cpp.o): в функции «YAML::BadSubscript::BadSubscript<char [4]>(YAML::Mark const&, char const (&) [4])»:
[10.377s] coordinate_transformer.cpp:(.text._ZN4YAML12BadSubscriptC2IA4_cEERKNS_4MarkERKT_[_ZN4YAML12BadSubscriptC5IA4_cEERKNS_4MarkERKT_]+0x61): undefined reference to `vtable for YAML::BadSubscript'
[10.377s] /usr/bin/ld: libcoordinate_transformer_lib.a(coordinate_transformer.cpp.o):(.data.rel.ro._ZTIN4YAML18TypedBadConversionIdEE[_ZTIN4YAML18TypedBadConversionIdEE]+0x10): undefined reference to `typeinfo for YAML::BadConversion'
[10.378s] /usr/bin/ld: libcoordinate_transformer_lib.a(coordinate_transformer.cpp.o):(.data.rel.ro._ZTIN4YAML18TypedBadConversionINSt7__cxx1112basic_stringIcSt11char_traitsIcESaIcEEEEE[_ZTIN4YAML18TypedBadConversionINSt7__cxx1112basic_stringIcSt11char_traitsIcESaIcEEEEE]+0x10): undefined reference to `typeinfo for YAML::BadConversion'
[10.388s] /usr/bin/ld: warning: creating DT_TEXTREL in a PIE
[10.394s] collect2: error: ld returned 1 exit status
[10.396s] gmake[2]: *** [CMakeFiles/test_coordinate_transformer.dir/build.make:212: test_coordinate_transformer] Ошибка 1
[10.396s] gmake[1]: *** [CMakeFiles/Makefile2:185: CMakeFiles/test_coordinate_transformer.dir/all] Ошибка 2
[10.397s] gmake: *** [Makefile:146: all] Ошибка 2
[10.399s] Invoked command in '/home/user/ros2_ws/build/coordinate_transformer' returned '2': CMAKE_PREFIX_PATH=${CMAKE_PREFIX_PATH}:/home/user/ws_moveit/install/moveit_configs_utils:/opt/ros/jazzy DEBUGINFOD_URLS=https://debuginfod.ubuntu.com /usr/bin/cmake --build /home/user/ros2_ws/build/coordinate_transformer -- -j8 -l8
